<?xml version="1.0" encoding="UTF-8" standalone="yes" ?>

<inet:Report xmlns:inet="http://www.inetsoftware.de" major_version="8" minor_version="0" major_xml_version="7" minor_xml_version="9" count="3" id="0">
    <Datasource dll="pklsianok_configuration.dll">
      <DataSourceConfiguration name="pklsianok">
        <property name="aliasToken" value=""/>
        <property name="useCursorFetch" value="false"/>
        <property name="emulateLocators" value="false"/>
        <property name="host" value="localhost"/>
        <property name="noTimezoneConversionForTimeType" value="false"/>
        <property name="url" value="jdbc:mysql://{host}:{port}/{database}"/>
        <property name="connectionCollation" value=""/>
        <property name="prepStmtCacheSize" value="25"/>
        <property name="databaseClassName" value=""/>
        <property name="locatorFetchBufferSize" value="1048576"/>
        <property name="supportsOrderBy" value="true"/>
        <property name="defaultFetchSize" value="0"/>
        <property name="supportsSQL92" value="true"/>
        <property name="maxRows" value="-1"/>
        <property name="prepStmtCacheSqlLimit" value="256"/>
        <property name="paranoid" value="false"/>
        <property name="characterEncoding" value=""/>
        <property name="metadataCacheSize" value="50"/>
        <property name="dynamicCalendars" value="false"/>
        <property name="connectTimeout" value="0"/>
        <property name="blobSendChunkSize" value="1048576"/>
        <property name="validationQuery" value=""/>
        <property name="zeroDateTimeBehavior" value="exception"/>
        <property name="sessionVariables" value=""/>
        <property name="useFastIntParsing" value="true"/>
        <property name="useReadAheadInput" value="true"/>
        <property name="driverLibrary" value=""/>
        <property name="useGmtMillisForDatetimes" value="false"/>
        <property name="useCompression" value="false"/>
        <property name="clobCharacterEncoding" value=""/>
        <property name="useUnicode" value="true"/>
        <property name="driverClassName" value="com.mysql.jdbc.Driver"/>
        <property name="user" value="root"/>
        <property name="autoDeserialize" value="false"/>
        <property name="supportsWhere" value="true"/>
        <property name="emptyStringsConvertToZero" value="true"/>
        <property name="password" value="000A02D35899F41EE90E069A40B3EB8E960A02E444C99E98DD639DC52E6BD3739C"/>
        <property name="cacheCallableStmts" value="false"/>
        <property name="identifierQuoteString" value=""/>
        <property name="port" value="3306"/>
        <property name="quotesLowerCase" value="false"/>
        <property name="useTimezone" value="false"/>
        <property name="socketTimeout" value="0"/>
        <property name="database" value="dbsianok"/>
        <property name="requireSSL" value="false"/>
        <property name="useSSL" value="false"/>
        <property name="serverTimezone" value=""/>
        <property name="supportsParenthesesForJoin" value="true"/>
        <property name="savePassword" value="true"/>
      </DataSourceConfiguration>
      <Tablesource alias="pembelian" databaseIdentifier="pembelian">
        <Column name="no_faktur" type="11" description="no_faktur" />
        <Column name="tanggal" type="11" description="tanggal" />
        <Column name="kd_suplier" type="11" description="kd_suplier" />
        <Column name="nm_suplier" type="11" description="nm_suplier" />
        <Column name="kd_barang" type="11" description="kd_barang" />
        <Column name="nm_barang" type="11" description="nm_barang" />
        <Column name="satuan" type="11" description="satuan" />
        <Column name="harga_beli" type="6" description="harga_beli" />
        <Column name="jumlah" type="6" description="jumlah" />
        <Column name="stock" type="6" description="stock" />
        <Column name="stok_baru" type="6" description="stok_baru" />
        <Column name="total_hrg" type="6" description="total_hrg" />
        <Column name="bayar" type="6" description="bayar" />
        <Column name="sisa" type="6" description="sisa" />
      </Tablesource>
    </Datasource>
  <Database>
    <QueryChanges mask="0" count="2">
      <Attribute name="queryChange" value="null"/>
      <Attribute name="queryChange" value="null"/>
    </QueryChanges>
  </Database>
  <FormulaFields count="0">
  </FormulaFields>

  <PromptFields count="0">
  </PromptFields>

  <SQLFields count="0">
  </SQLFields>

  <SummaryFields count="0">
  </SummaryFields>

  <SortFields count="0">
  </SortFields>

  <GroupNameFields count="0">
  </GroupNameFields>

  <ReportProperties>
    <Attribute name="page width" value="24480"/>
    <Attribute name="page height" value="15840"/>
    <Attribute name="page orientation" value="1"/>
    <Attribute name="page margin left" value="720"/>
    <Attribute name="page margin right" value="720"/>
    <Attribute name="page margin top" value="720"/>
    <Attribute name="page margin bottom" value="720"/>
    <Attribute name="report title" value="Report4"/>
    <Attribute name="report last saved" value="14 Dec 2018 13:23:16 GMT"/>
    <Attribute name="report created" value="31 Oct 2016 13:56:25 GMT"/>
    <Attribute name="mailing label type 1" value=""/>
    <Attribute name="mailing label type 2" value=""/>
    <Attribute name="format with multiple columns" value="false"/>
    <Attribute name="mailing label width" value="0"/>
    <Attribute name="mailing label height" value="0"/>
    <Attribute name="mailing label distance vertical" value="0"/>
    <Attribute name="mailing label distance horizontal" value="0"/>
    <Attribute name="across then down" value="false"/>
    <Attribute name="format groups with multiple columns" value="false"/>
    <Attribute name="distinct" value="false"/>
    <Attribute name="ignore filtering" value="false"/>
    <Attribute name="ignore sorting" value="false"/>
    <Attribute name="convert date time" value="0"/>
    <Attribute name="suppress if no rows" value="false"/>
    <Attribute name="convert null values to default" value="false"/>
    <Attribute name="hide PageFooter inside ReportHeader" value="false"/>
    <Attribute name="form print" value="false"/>
    <Attribute name="printing enabled" value="true"/>
    <Attribute name="clipboard enabled" value="true"/>
    <Attribute name="export enabled" value="true"/>
    <Attribute name="group tree visible" value="true"/>
  </ReportProperties>
  <AreaPair type="PageAreaPair" id="0">
    <Area type="PageHeader" count="1">
      <Section type="PageHeader" count="31" width="23040" height="750" id="0">
        <SectionProperties>
          <Attribute name="background color" value="14671839"/>
        </SectionProperties>
        <Element type="Text" count="1" x_position="300" y_position="150" width="1200" height="240">
          <Element type="Paragraph" count="1">
            <CommonProperties>
              <Attribute name="horizontal align" value="1"/>
            </CommonProperties>
            <Element type="TextPart">
              <FontProperties>
                <Attribute name="font style" value="1"/>
              </FontProperties>
            <![CDATA[Nomor Faktur]]>
            </Element>
          </Element>
        </Element>
        <Element type="Line" x2_position="10800" y2_position="645" x_position="10800" y_position="0" width="0" height="0">
          <CommonProperties>
            <Attribute name="horizontal align" value="1"/>
          </CommonProperties>
          <LineProperties>
            <Attribute name="id" value="4"/>
          </LineProperties>
        </Element>
        <Element type="Text" count="1" x_position="1950" y_position="150" width="1050" height="240">
          <Element type="Paragraph" count="1">
            <CommonProperties>
              <Attribute name="horizontal align" value="1"/>
            </CommonProperties>
            <Element type="TextPart">
              <FontProperties>
                <Attribute name="font style" value="1"/>
              </FontProperties>
            <![CDATA[Tanggal]]>
            </Element>
          </Element>
        </Element>
        <Element type="Line" x2_position="17550" y2_position="645" x_position="17550" y_position="0" width="0" height="0">
          <CommonProperties>
            <Attribute name="horizontal align" value="1"/>
          </CommonProperties>
          <LineProperties>
            <Attribute name="id" value="4"/>
          </LineProperties>
        </Element>
        <Element type="Text" count="1" x_position="3450" y_position="150" width="1650" height="240">
          <Element type="Paragraph" count="1">
            <CommonProperties>
              <Attribute name="horizontal align" value="1"/>
            </CommonProperties>
            <Element type="TextPart">
              <FontProperties>
                <Attribute name="font style" value="1"/>
              </FontProperties>
            <![CDATA[Kode Suplier]]>
            </Element>
          </Element>
        </Element>
        <Element type="Text" count="1" x_position="5400" y_position="150" width="1350" height="240">
          <Element type="Paragraph" count="1">
            <CommonProperties>
              <Attribute name="horizontal align" value="1"/>
            </CommonProperties>
            <Element type="TextPart">
              <FontProperties>
                <Attribute name="font style" value="1"/>
              </FontProperties>
            <![CDATA[Nama Suplier]]>
            </Element>
          </Element>
        </Element>
        <Element type="Line" x2_position="16200" y2_position="645" x_position="16200" y_position="0" width="0" height="0">
          <CommonProperties>
            <Attribute name="horizontal align" value="1"/>
          </CommonProperties>
          <LineProperties>
            <Attribute name="id" value="4"/>
          </LineProperties>
        </Element>
        <Element type="Text" count="1" x_position="7200" y_position="150" width="1350" height="240">
          <Element type="Paragraph" count="1">
            <CommonProperties>
              <Attribute name="horizontal align" value="1"/>
            </CommonProperties>
            <Element type="TextPart">
              <FontProperties>
                <Attribute name="font style" value="1"/>
              </FontProperties>
            <![CDATA[Kode Barang]]>
            </Element>
          </Element>
        </Element>
        <Element type="Line" x2_position="20400" y2_position="645" x_position="20400" y_position="0" width="0" height="0">
          <CommonProperties>
            <Attribute name="horizontal align" value="1"/>
          </CommonProperties>
          <LineProperties>
            <Attribute name="id" value="4"/>
          </LineProperties>
        </Element>
        <Element type="Text" count="1" x_position="9000" y_position="150" width="1650" height="240">
          <Element type="Paragraph" count="1">
            <CommonProperties>
              <Attribute name="horizontal align" value="1"/>
            </CommonProperties>
            <Element type="TextPart">
              <FontProperties>
                <Attribute name="font style" value="1"/>
              </FontProperties>
            <![CDATA[Nama Barang]]>
            </Element>
          </Element>
        </Element>
        <Element type="Text" count="1" x_position="11100" y_position="150" width="1200" height="240">
          <Element type="Paragraph" count="1">
            <CommonProperties>
              <Attribute name="horizontal align" value="1"/>
            </CommonProperties>
            <Element type="TextPart">
              <FontProperties>
                <Attribute name="font style" value="1"/>
              </FontProperties>
            <![CDATA[Satuan]]>
            </Element>
          </Element>
        </Element>
        <Element type="Line" x2_position="17550" y2_position="645" x_position="17550" y_position="0" width="0" height="0">
          <CommonProperties>
            <Attribute name="horizontal align" value="1"/>
          </CommonProperties>
          <LineProperties>
            <Attribute name="id" value="4"/>
          </LineProperties>
        </Element>
        <Element type="Text" count="1" x_position="12900" y_position="150" width="1650" height="240">
          <Element type="Paragraph" count="1">
            <CommonProperties>
              <Attribute name="horizontal align" value="1"/>
            </CommonProperties>
            <Element type="TextPart">
              <FontProperties>
                <Attribute name="font style" value="1"/>
              </FontProperties>
            <![CDATA[Harga Beli]]>
            </Element>
          </Element>
        </Element>
        <Element type="Line" x2_position="14700" y2_position="645" x_position="14700" y_position="0" width="0" height="0">
          <CommonProperties>
            <Attribute name="horizontal align" value="1"/>
          </CommonProperties>
          <LineProperties>
            <Attribute name="id" value="4"/>
          </LineProperties>
        </Element>
        <Element type="Text" count="1" x_position="14850" y_position="150" width="1200" height="240">
          <Element type="Paragraph" count="1">
            <CommonProperties>
              <Attribute name="horizontal align" value="1"/>
            </CommonProperties>
            <Element type="TextPart">
              <FontProperties>
                <Attribute name="font style" value="1"/>
              </FontProperties>
            <![CDATA[Jumlah]]>
            </Element>
          </Element>
        </Element>
        <Element type="Text" count="1" x_position="16350" y_position="150" width="1050" height="240">
          <Element type="Paragraph" count="1">
            <CommonProperties>
              <Attribute name="horizontal align" value="1"/>
            </CommonProperties>
            <Element type="TextPart">
              <FontProperties>
                <Attribute name="font style" value="1"/>
              </FontProperties>
            <![CDATA[Stock]]>
            </Element>
          </Element>
        </Element>
        <Element type="Line" x2_position="18900" y2_position="645" x_position="18900" y_position="0" width="0" height="0">
          <CommonProperties>
            <Attribute name="horizontal align" value="1"/>
          </CommonProperties>
          <LineProperties>
            <Attribute name="id" value="4"/>
          </LineProperties>
        </Element>
        <Element type="Text" count="1" x_position="17700" y_position="150" width="1050" height="240">
          <Element type="Paragraph" count="1">
            <CommonProperties>
              <Attribute name="horizontal align" value="1"/>
            </CommonProperties>
            <Element type="TextPart">
              <FontProperties>
                <Attribute name="font style" value="1"/>
              </FontProperties>
            <![CDATA[Stock Baru]]>
            </Element>
          </Element>
        </Element>
        <Element type="Line" x2_position="12600" y2_position="645" x_position="12600" y_position="0" width="0" height="0">
          <CommonProperties>
            <Attribute name="horizontal align" value="1"/>
          </CommonProperties>
          <LineProperties>
            <Attribute name="id" value="4"/>
          </LineProperties>
        </Element>
        <Element type="Text" count="1" x_position="19050" y_position="150" width="900" height="240">
          <Element type="Paragraph" count="1">
            <CommonProperties>
              <Attribute name="horizontal align" value="1"/>
            </CommonProperties>
            <Element type="TextPart">
              <FontProperties>
                <Attribute name="font style" value="1"/>
              </FontProperties>
            <![CDATA[Total Harga]]>
            </Element>
          </Element>
        </Element>
        <Element type="Text" count="1" x_position="20550" y_position="150" width="1200" height="240">
          <Element type="Paragraph" count="1">
            <CommonProperties>
              <Attribute name="horizontal align" value="1"/>
            </CommonProperties>
            <Element type="TextPart">
              <FontProperties>
                <Attribute name="font style" value="1"/>
              </FontProperties>
            <![CDATA[Bayar]]>
            </Element>
          </Element>
        </Element>
        <Element type="Line" x2_position="8700" y2_position="645" x_position="8700" y_position="0" width="0" height="0">
          <CommonProperties>
            <Attribute name="horizontal align" value="1"/>
          </CommonProperties>
          <LineProperties>
            <Attribute name="id" value="4"/>
          </LineProperties>
        </Element>
        <Element type="Text" count="1" x_position="22200" y_position="150" width="578" height="240">
          <Element type="Paragraph" count="1">
            <CommonProperties>
              <Attribute name="horizontal align" value="1"/>
            </CommonProperties>
            <Element type="TextPart">
              <FontProperties>
                <Attribute name="font style" value="1"/>
              </FontProperties>
            <![CDATA[Sisa]]>
            </Element>
          </Element>
        </Element>
        <Element type="Line" x2_position="6900" y2_position="645" x_position="6900" y_position="0" width="0" height="0">
          <CommonProperties>
            <Attribute name="horizontal align" value="1"/>
          </CommonProperties>
          <LineProperties>
            <Attribute name="id" value="4"/>
          </LineProperties>
        </Element>
        <Element type="Line" x2_position="21900" y2_position="645" x_position="21900" y_position="0" width="0" height="0">
          <CommonProperties>
            <Attribute name="horizontal align" value="1"/>
          </CommonProperties>
          <LineProperties>
            <Attribute name="id" value="4"/>
          </LineProperties>
        </Element>
        <Element type="Line" x2_position="22950" y2_position="645" x_position="22950" y_position="0" width="0" height="0">
          <CommonProperties>
            <Attribute name="horizontal align" value="1"/>
          </CommonProperties>
          <LineProperties>
            <Attribute name="id" value="4"/>
          </LineProperties>
        </Element>
        <Element type="Line" x2_position="5250" y2_position="645" x_position="5250" y_position="0" width="0" height="0">
          <CommonProperties>
            <Attribute name="horizontal align" value="1"/>
          </CommonProperties>
          <LineProperties>
            <Attribute name="id" value="4"/>
          </LineProperties>
        </Element>
        <Element type="Line" x2_position="3300" y2_position="645" x_position="3300" y_position="0" width="0" height="0">
          <CommonProperties>
            <Attribute name="horizontal align" value="1"/>
          </CommonProperties>
          <LineProperties>
            <Attribute name="id" value="4"/>
          </LineProperties>
        </Element>
        <Element type="Line" x2_position="1650" y2_position="645" x_position="1650" y_position="0" width="0" height="0">
          <CommonProperties>
            <Attribute name="horizontal align" value="1"/>
          </CommonProperties>
          <LineProperties>
            <Attribute name="id" value="4"/>
          </LineProperties>
        </Element>
        <Element type="Line" x2_position="150" y2_position="645" x_position="150" y_position="0" width="0" height="0">
          <CommonProperties>
            <Attribute name="horizontal align" value="1"/>
          </CommonProperties>
          <LineProperties>
            <Attribute name="id" value="4"/>
          </LineProperties>
        </Element>
        <Element type="Box" x2_position="23040" y2_position="720" x_position="0" y_position="600" width="0" height="0">
          <BoxProperties>
            <Attribute name="background color" value="6776679"/>
            <Attribute name="close border on page break" value="true"/>
          </BoxProperties>
        </Element>
      </Section>
    </Area>
    <Area type="PageFooter" count="1">
      <Section type="PageFooter" count="0" width="23040" height="1605" id="1">
        <SectionProperties>
          <Attribute name="suppress" value="true"/>
        </SectionProperties>
      </Section>
    </Area>
  </AreaPair>

  <AreaPair type="ReportAreaPair" id="0">
    <Area type="ReportHeader" count="2">
      <Section type="ReportHeader" count="1" width="23040" height="1350" id="2">
        <SectionProperties>
          <Attribute name="background color" value="14671839"/>
        </SectionProperties>
        <Element type="Text" count="2" x_position="9150" y_position="150" width="5100" height="1050">
          <Element type="Paragraph" count="1">
            <CommonProperties>
              <Attribute name="horizontal align" value="2"/>
            </CommonProperties>
            <Element type="TextPart">
              <FontProperties>
                <Attribute name="font size" value="400"/>
                <Attribute name="font style" value="1"/>
              </FontProperties>
            <![CDATA[LAPORAN PEMBELIAN]]>
            </Element>
          </Element>
          <Element type="Paragraph" count="1">
            <CommonProperties>
              <Attribute name="horizontal align" value="2"/>
            </CommonProperties>
            <Element type="TextPart">
              <FontProperties>
                <Attribute name="font size" value="350"/>
                <Attribute name="font style" value="1"/>
              </FontProperties>
            <![CDATA[TOKO RONI KOMPUTER]]>
            </Element>
          </Element>
        </Element>
      </Section>
      <Section type="ReportHeader" count="1" width="23040" height="150" id="3">
        <Element type="Box" x2_position="23040" y2_position="120" x_position="0" y_position="0" width="0" height="0">
          <BoxProperties>
            <Attribute name="background color" value="6776679"/>
            <Attribute name="close border on page break" value="true"/>
          </BoxProperties>
        </Element>
      </Section>
    </Area>
    <Area type="ReportFooter" count="1">
      <Section type="ReportFooter" count="0" width="23040" height="645" id="4">
        <SectionProperties>
          <Attribute name="suppress" value="true"/>
        </SectionProperties>
      </Section>
    </Area>
  </AreaPair>

  <AreaPair type="DetailArea" id="1">
    <Area type="Detail" count="1">
      <Section type="Detail" count="15" width="23040" height="600" id="5">
        <SectionProperties>
          <Attribute name="background color" value="14671839"/>
        </SectionProperties>
        <Element type="FieldElement" x_position="300" y_position="150" width="1050" height="240">
          <CommonProperties>
            <Attribute name="horizontal align" value="1"/>
          </CommonProperties>
          <Reference name="field" type="DatabaseField" refname="pembelian.no_faktur"/>
        </Element>
        <Element type="FieldElement" x_position="1950" y_position="150" width="1050" height="240">
          <CommonProperties>
            <Attribute name="horizontal align" value="1"/>
          </CommonProperties>
          <Reference name="field" type="DatabaseField" refname="pembelian.tanggal"/>
        </Element>
        <Element type="FieldElement" x_position="3450" y_position="150" width="1650" height="240">
          <CommonProperties>
            <Attribute name="horizontal align" value="1"/>
          </CommonProperties>
          <Reference name="field" type="DatabaseField" refname="pembelian.kd_suplier"/>
        </Element>
        <Element type="FieldElement" x_position="5400" y_position="150" width="1350" height="240">
          <CommonProperties>
            <Attribute name="horizontal align" value="1"/>
          </CommonProperties>
          <Reference name="field" type="DatabaseField" refname="pembelian.nm_suplier"/>
        </Element>
        <Element type="FieldElement" x_position="7050" y_position="150" width="1350" height="240">
          <CommonProperties>
            <Attribute name="horizontal align" value="1"/>
          </CommonProperties>
          <Reference name="field" type="DatabaseField" refname="pembelian.kd_barang"/>
        </Element>
        <Element type="FieldElement" x_position="8850" y_position="150" width="1650" height="240">
          <CommonProperties>
            <Attribute name="horizontal align" value="1"/>
          </CommonProperties>
          <Reference name="field" type="DatabaseField" refname="pembelian.nm_barang"/>
        </Element>
        <Element type="FieldElement" x_position="10950" y_position="150" width="1350" height="240">
          <CommonProperties>
            <Attribute name="horizontal align" value="1"/>
          </CommonProperties>
          <Reference name="field" type="DatabaseField" refname="pembelian.satuan"/>
        </Element>
        <Element type="FieldElement" x_position="12750" y_position="150" width="1650" height="240">
          <CommonProperties>
            <Attribute name="horizontal align" value="1"/>
          </CommonProperties>
          <NumberProperties>
            <Attribute name="n decimal places" value="0"/>
            <Attribute name="thousand seperators symbol" value=","/>
            <Attribute name="decimal seperators symbol" value="."/>
            <Attribute name="currency symbol" value="$"/>
          </NumberProperties>
          <Reference name="field" type="DatabaseField" refname="pembelian.harga_beli"/>
        </Element>
        <Element type="FieldElement" x_position="14850" y_position="150" width="1050" height="240">
          <CommonProperties>
            <Attribute name="horizontal align" value="1"/>
          </CommonProperties>
          <NumberProperties>
            <Attribute name="n decimal places" value="0"/>
            <Attribute name="thousand seperators symbol" value=","/>
            <Attribute name="decimal seperators symbol" value="."/>
            <Attribute name="currency symbol" value="$"/>
          </NumberProperties>
          <Reference name="field" type="DatabaseField" refname="pembelian.jumlah"/>
        </Element>
        <Element type="FieldElement" x_position="16350" y_position="150" width="1050" height="240">
          <CommonProperties>
            <Attribute name="horizontal align" value="1"/>
          </CommonProperties>
          <NumberProperties>
            <Attribute name="n decimal places" value="0"/>
            <Attribute name="thousand seperators symbol" value=","/>
            <Attribute name="decimal seperators symbol" value="."/>
            <Attribute name="currency symbol" value="$"/>
          </NumberProperties>
          <Reference name="field" type="DatabaseField" refname="pembelian.stock"/>
        </Element>
        <Element type="FieldElement" x_position="17700" y_position="150" width="1050" height="240">
          <CommonProperties>
            <Attribute name="horizontal align" value="1"/>
          </CommonProperties>
          <NumberProperties>
            <Attribute name="n decimal places" value="0"/>
            <Attribute name="thousand seperators symbol" value=","/>
            <Attribute name="decimal seperators symbol" value="."/>
            <Attribute name="currency symbol" value="$"/>
          </NumberProperties>
          <Reference name="field" type="DatabaseField" refname="pembelian.stok_baru"/>
        </Element>
        <Element type="FieldElement" x_position="19050" y_position="150" width="1050" height="240">
          <CommonProperties>
            <Attribute name="horizontal align" value="1"/>
          </CommonProperties>
          <NumberProperties>
            <Attribute name="n decimal places" value="0"/>
            <Attribute name="thousand seperators symbol" value=","/>
            <Attribute name="decimal seperators symbol" value="."/>
            <Attribute name="currency symbol" value="$"/>
          </NumberProperties>
          <Reference name="field" type="DatabaseField" refname="pembelian.total_hrg"/>
        </Element>
        <Element type="FieldElement" x_position="20550" y_position="150" width="1200" height="240">
          <CommonProperties>
            <Attribute name="horizontal align" value="1"/>
          </CommonProperties>
          <NumberProperties>
            <Attribute name="n decimal places" value="0"/>
            <Attribute name="thousand seperators symbol" value=","/>
            <Attribute name="decimal seperators symbol" value="."/>
            <Attribute name="currency symbol" value="$"/>
          </NumberProperties>
          <Reference name="field" type="DatabaseField" refname="pembelian.bayar"/>
        </Element>
        <Element type="FieldElement" x_position="22200" y_position="150" width="578" height="240">
          <CommonProperties>
            <Attribute name="horizontal align" value="1"/>
          </CommonProperties>
          <NumberProperties>
            <Attribute name="n decimal places" value="0"/>
            <Attribute name="thousand seperators symbol" value=","/>
            <Attribute name="decimal seperators symbol" value="."/>
            <Attribute name="currency symbol" value="$"/>
          </NumberProperties>
          <Reference name="field" type="DatabaseField" refname="pembelian.sisa"/>
        </Element>
        <Element type="Line" x2_position="22950" y2_position="450" x_position="150" y_position="450" width="0" height="0">
        </Element>
      </Section>
    </Area>
  </AreaPair>

</inet:Report>
