<?xml version="1.0" encoding="UTF-8" standalone="yes" ?>

<inet:Report xmlns:inet="http://www.inetsoftware.de" major_version="8" minor_version="0" major_xml_version="7" minor_xml_version="9" count="3" id="0">
    <Datasource dll="pklsianok_configuration.dll">
      <DataSourceConfiguration name="pklsianok">
        <property name="supportsOrderBy" value="true"/>
        <property name="prepStmtCacheSize" value="25"/>
        <property name="driverClassName" value="com.mysql.jdbc.Driver"/>
        <property name="cacheCallableStmts" value="false"/>
        <property name="socketTimeout" value="0"/>
        <property name="validationQuery" value=""/>
        <property name="useGmtMillisForDatetimes" value="false"/>
        <property name="locatorFetchBufferSize" value="1048576"/>
        <property name="useFastIntParsing" value="true"/>
        <property name="quotesLowerCase" value="false"/>
        <property name="supportsParenthesesForJoin" value="true"/>
        <property name="defaultFetchSize" value="0"/>
        <property name="useCompression" value="false"/>
        <property name="host" value="localhost"/>
        <property name="savePassword" value="true"/>
        <property name="metadataCacheSize" value="50"/>
        <property name="zeroDateTimeBehavior" value="exception"/>
        <property name="emptyStringsConvertToZero" value="true"/>
        <property name="maxRows" value="-1"/>
        <property name="paranoid" value="false"/>
        <property name="driverLibrary" value=""/>
        <property name="connectionCollation" value=""/>
        <property name="serverTimezone" value=""/>
        <property name="blobSendChunkSize" value="1048576"/>
        <property name="dynamicCalendars" value="false"/>
        <property name="prepStmtCacheSqlLimit" value="256"/>
        <property name="sessionVariables" value=""/>
        <property name="useCursorFetch" value="false"/>
        <property name="clobCharacterEncoding" value=""/>
        <property name="emulateLocators" value="false"/>
        <property name="aliasToken" value=""/>
        <property name="useReadAheadInput" value="true"/>
        <property name="identifierQuoteString" value=""/>
        <property name="database" value="dbsianok"/>
        <property name="noTimezoneConversionForTimeType" value="false"/>
        <property name="useSSL" value="false"/>
        <property name="autoDeserialize" value="false"/>
        <property name="requireSSL" value="false"/>
        <property name="useTimezone" value="false"/>
        <property name="connectTimeout" value="0"/>
        <property name="supportsSQL92" value="true"/>
        <property name="supportsWhere" value="true"/>
        <property name="characterEncoding" value=""/>
        <property name="port" value="3306"/>
        <property name="url" value="jdbc:mysql://{host}:{port}/{database}"/>
        <property name="databaseClassName" value=""/>
        <property name="useUnicode" value="true"/>
        <property name="password" value="00766C79CDD43CAFE3E9FF095DB48DDD4B766C029EDE162C83E0BE76F3901DDBB5"/>
        <property name="user" value="root"/>
      </DataSourceConfiguration>
      <Tablesource alias="barang" databaseIdentifier="barang">
        <Column name="kd_barang" type="11" description="kd_barang" />
        <Column name="nm_barang" type="11" description="nm_barang" />
        <Column name="satuan" type="11" description="satuan" />
        <Column name="harga_beli" type="6" description="harga_beli" />
        <Column name="harga_jual" type="6" description="harga_jual" />
        <Column name="stock" type="6" description="stock" />
      </Tablesource>
    </Datasource>
  <Database>
    <QueryChanges mask="0" count="2">
      <Attribute name="queryChange" value="null"/>
      <Attribute name="queryChange" value="null"/>
    </QueryChanges>
  </Database>
  <FormulaFields count="0">
  </FormulaFields>

  <PromptFields count="0">
  </PromptFields>

  <SQLFields count="0">
  </SQLFields>

  <SummaryFields count="0">
  </SummaryFields>

  <SortFields count="0">
  </SortFields>

  <GroupNameFields count="0">
  </GroupNameFields>

  <ReportProperties>
    <Attribute name="page width" value="12240"/>
    <Attribute name="page height" value="15840"/>
    <Attribute name="page orientation" value="1"/>
    <Attribute name="page margin left" value="720"/>
    <Attribute name="page margin right" value="720"/>
    <Attribute name="page margin top" value="720"/>
    <Attribute name="page margin bottom" value="720"/>
    <Attribute name="report title" value="Report2"/>
    <Attribute name="report last saved" value="14 Dec 2018 13:20:38 GMT"/>
    <Attribute name="report created" value="31 Oct 2016 13:52:28 GMT"/>
    <Attribute name="mailing label type 1" value=""/>
    <Attribute name="mailing label type 2" value=""/>
    <Attribute name="format with multiple columns" value="false"/>
    <Attribute name="mailing label width" value="0"/>
    <Attribute name="mailing label height" value="0"/>
    <Attribute name="mailing label distance vertical" value="0"/>
    <Attribute name="mailing label distance horizontal" value="0"/>
    <Attribute name="across then down" value="false"/>
    <Attribute name="format groups with multiple columns" value="false"/>
    <Attribute name="distinct" value="false"/>
    <Attribute name="ignore filtering" value="false"/>
    <Attribute name="ignore sorting" value="false"/>
    <Attribute name="convert date time" value="0"/>
    <Attribute name="suppress if no rows" value="false"/>
    <Attribute name="convert null values to default" value="false"/>
    <Attribute name="hide PageFooter inside ReportHeader" value="false"/>
    <Attribute name="form print" value="false"/>
    <Attribute name="printing enabled" value="true"/>
    <Attribute name="clipboard enabled" value="true"/>
    <Attribute name="export enabled" value="true"/>
    <Attribute name="group tree visible" value="true"/>
  </ReportProperties>
  <AreaPair type="PageAreaPair" id="0">
    <Area type="PageHeader" count="1">
      <Section type="PageHeader" count="12" width="10800" height="800" id="0">
        <SectionProperties>
          <Attribute name="background color" value="14671839"/>
        </SectionProperties>
        <Element type="Box" x2_position="10740" y2_position="765" x_position="60" y_position="60" width="0" height="0">
          <BoxProperties>
            <Attribute name="background color" value="11185066"/>
            <Attribute name="close border on page break" value="true"/>
          </BoxProperties>
        </Element>
        <Element type="Text" count="1" x_position="180" y_position="270" width="1590" height="240">
          <Element type="Paragraph" count="1">
            <CommonProperties>
              <Attribute name="horizontal align" value="1"/>
            </CommonProperties>
            <Element type="TextPart">
              <FontProperties>
                <Attribute name="font style" value="1"/>
              </FontProperties>
            <![CDATA[Kode Barang]]>
            </Element>
          </Element>
        </Element>
        <Element type="Line" x2_position="1860" y2_position="720" x_position="1860" y_position="75" width="0" height="0">
          <CommonProperties>
            <Attribute name="horizontal align" value="1"/>
          </CommonProperties>
          <LineProperties>
            <Attribute name="id" value="4"/>
          </LineProperties>
        </Element>
        <Element type="Text" count="1" x_position="1950" y_position="270" width="1590" height="240">
          <Element type="Paragraph" count="1">
            <CommonProperties>
              <Attribute name="horizontal align" value="1"/>
            </CommonProperties>
            <Element type="TextPart">
              <FontProperties>
                <Attribute name="font style" value="1"/>
              </FontProperties>
            <![CDATA[Nama Barang]]>
            </Element>
          </Element>
        </Element>
        <Element type="Line" x2_position="3630" y2_position="720" x_position="3630" y_position="75" width="0" height="0">
          <CommonProperties>
            <Attribute name="horizontal align" value="1"/>
          </CommonProperties>
          <LineProperties>
            <Attribute name="id" value="4"/>
          </LineProperties>
        </Element>
        <Element type="Text" count="1" x_position="3720" y_position="270" width="1590" height="240">
          <Element type="Paragraph" count="1">
            <CommonProperties>
              <Attribute name="horizontal align" value="1"/>
            </CommonProperties>
            <Element type="TextPart">
              <FontProperties>
                <Attribute name="font style" value="1"/>
              </FontProperties>
            <![CDATA[Satuan]]>
            </Element>
          </Element>
        </Element>
        <Element type="Line" x2_position="5400" y2_position="720" x_position="5400" y_position="75" width="0" height="0">
          <CommonProperties>
            <Attribute name="horizontal align" value="1"/>
          </CommonProperties>
          <LineProperties>
            <Attribute name="id" value="4"/>
          </LineProperties>
        </Element>
        <Element type="Text" count="1" x_position="5490" y_position="270" width="1590" height="240">
          <Element type="Paragraph" count="1">
            <CommonProperties>
              <Attribute name="horizontal align" value="1"/>
            </CommonProperties>
            <Element type="TextPart">
              <FontProperties>
                <Attribute name="font style" value="1"/>
              </FontProperties>
            <![CDATA[Harga Beli]]>
            </Element>
          </Element>
        </Element>
        <Element type="Line" x2_position="7170" y2_position="720" x_position="7170" y_position="75" width="0" height="0">
          <CommonProperties>
            <Attribute name="horizontal align" value="1"/>
          </CommonProperties>
          <LineProperties>
            <Attribute name="id" value="4"/>
          </LineProperties>
        </Element>
        <Element type="Text" count="1" x_position="7260" y_position="270" width="1590" height="240">
          <Element type="Paragraph" count="1">
            <CommonProperties>
              <Attribute name="horizontal align" value="1"/>
            </CommonProperties>
            <Element type="TextPart">
              <FontProperties>
                <Attribute name="font style" value="1"/>
              </FontProperties>
            <![CDATA[Harga Jual]]>
            </Element>
          </Element>
        </Element>
        <Element type="Line" x2_position="8940" y2_position="720" x_position="8940" y_position="75" width="0" height="0">
          <CommonProperties>
            <Attribute name="horizontal align" value="1"/>
          </CommonProperties>
          <LineProperties>
            <Attribute name="id" value="4"/>
          </LineProperties>
        </Element>
        <Element type="Text" count="1" x_position="9030" y_position="270" width="1590" height="240">
          <Element type="Paragraph" count="1">
            <CommonProperties>
              <Attribute name="horizontal align" value="1"/>
            </CommonProperties>
            <Element type="TextPart">
              <FontProperties>
                <Attribute name="font style" value="1"/>
              </FontProperties>
            <![CDATA[Stock]]>
            </Element>
          </Element>
        </Element>
      </Section>
    </Area>
    <Area type="PageFooter" count="1">
      <Section type="PageFooter" count="0" width="10800" height="800" id="1">
        <SectionProperties>
          <Attribute name="suppress" value="true"/>
        </SectionProperties>
      </Section>
    </Area>
  </AreaPair>

  <AreaPair type="ReportAreaPair" id="0">
    <Area type="ReportHeader" count="2">
      <Section type="ReportHeader" count="1" width="10800" height="1350" id="2">
        <SectionProperties>
          <Attribute name="background color" value="14671839"/>
        </SectionProperties>
        <Element type="Text" count="2" x_position="2400" y_position="0" width="5100" height="1200">
          <Element type="Paragraph" count="1">
            <CommonProperties>
              <Attribute name="horizontal align" value="2"/>
            </CommonProperties>
            <Element type="TextPart">
              <FontProperties>
                <Attribute name="font size" value="400"/>
                <Attribute name="font style" value="1"/>
              </FontProperties>
            <![CDATA[LAPORAN BARANG]]>
            </Element>
          </Element>
          <Element type="Paragraph" count="1">
            <CommonProperties>
              <Attribute name="horizontal align" value="2"/>
            </CommonProperties>
            <Element type="TextPart">
              <FontProperties>
                <Attribute name="font size" value="350"/>
                <Attribute name="font style" value="1"/>
              </FontProperties>
            <![CDATA[TOKO RONI KOMPUTER]]>
            </Element>
          </Element>
        </Element>
      </Section>
      <Section type="ReportHeader" count="1" width="10800" height="800" id="3">
        <Element type="Box" x2_position="10800" y2_position="120" x_position="0" y_position="0" width="0" height="0">
          <BoxProperties>
            <Attribute name="background color" value="6776679"/>
            <Attribute name="close border on page break" value="true"/>
          </BoxProperties>
        </Element>
      </Section>
    </Area>
    <Area type="ReportFooter" count="1">
      <Section type="ReportFooter" count="0" width="10800" height="800" id="4">
        <SectionProperties>
          <Attribute name="suppress" value="true"/>
        </SectionProperties>
      </Section>
    </Area>
  </AreaPair>

  <AreaPair type="DetailArea" id="1">
    <Area type="Detail" count="1">
      <Section type="Detail" count="6" width="10800" height="400" id="5">
        <SectionProperties>
          <Attribute name="background color" value="14671839"/>
        </SectionProperties>
        <Element type="FieldElement" x_position="180" y_position="45" width="1590" height="240">
          <CommonProperties>
            <Attribute name="horizontal align" value="1"/>
          </CommonProperties>
          <Reference name="field" type="DatabaseField" refname="barang.kd_barang"/>
        </Element>
        <Element type="FieldElement" x_position="1950" y_position="45" width="1590" height="240">
          <CommonProperties>
            <Attribute name="horizontal align" value="1"/>
          </CommonProperties>
          <Reference name="field" type="DatabaseField" refname="barang.nm_barang"/>
        </Element>
        <Element type="FieldElement" x_position="3750" y_position="0" width="1590" height="300">
          <CommonProperties>
            <Attribute name="horizontal align" value="1"/>
          </CommonProperties>
          <Reference name="field" type="DatabaseField" refname="barang.satuan"/>
        </Element>
        <Element type="FieldElement" x_position="5490" y_position="45" width="1590" height="240">
          <CommonProperties>
            <Attribute name="horizontal align" value="1"/>
          </CommonProperties>
          <NumberProperties>
            <Attribute name="n decimal places" value="0"/>
            <Attribute name="thousand seperators symbol" value=","/>
            <Attribute name="decimal seperators symbol" value="."/>
            <Attribute name="currency symbol" value="$"/>
          </NumberProperties>
          <Reference name="field" type="DatabaseField" refname="barang.harga_beli"/>
        </Element>
        <Element type="FieldElement" x_position="7260" y_position="45" width="1590" height="240">
          <CommonProperties>
            <Attribute name="horizontal align" value="1"/>
          </CommonProperties>
          <NumberProperties>
            <Attribute name="n decimal places" value="0"/>
            <Attribute name="thousand seperators symbol" value=","/>
            <Attribute name="decimal seperators symbol" value="."/>
            <Attribute name="currency symbol" value="$"/>
          </NumberProperties>
          <Reference name="field" type="DatabaseField" refname="barang.harga_jual"/>
        </Element>
        <Element type="FieldElement" x_position="9030" y_position="45" width="1590" height="240">
          <CommonProperties>
            <Attribute name="horizontal align" value="1"/>
          </CommonProperties>
          <NumberProperties>
            <Attribute name="n decimal places" value="0"/>
            <Attribute name="thousand seperators symbol" value=","/>
            <Attribute name="decimal seperators symbol" value="."/>
            <Attribute name="currency symbol" value="$"/>
          </NumberProperties>
          <Reference name="field" type="DatabaseField" refname="barang.stock"/>
        </Element>
      </Section>
    </Area>
  </AreaPair>

</inet:Report>
